<?xml version="1.0" encoding="UTF-8"?>
<testng-results total="8" passed="8" failed="0" skipped="0">
  <reporter-output>
  </reporter-output>
  <suite started-at="2021-11-11T18:01:15Z" name="Suite" finished-at="2021-11-11T18:01:39Z" duration-ms="24691">
    <groups>
    </groups>
    <test started-at="2021-11-11T18:01:15Z" name="Test" finished-at="2021-11-11T18:01:39Z" duration-ms="24691">
      <class name="TestngPractice.TestNGLaunching">
        <test-method is-config="true" signature="setup()[pri:0, instance:TestngPractice.TestNGLaunching@4c60d6e9]" started-at="2021-11-11T23:29:32Z" name="setup" finished-at="2021-11-11T23:30:05Z" duration-ms="32542" status="PASS">
          <reporter-output>
          </reporter-output>
        </test-method> <!-- setup -->
        <test-method signature="googleLogoTest()[pri:0, instance:TestngPractice.TestNGLaunching@4c60d6e9]" started-at="2021-11-11T23:30:05Z" name="googleLogoTest" finished-at="2021-11-11T23:30:06Z" duration-ms="1784" status="PASS">
          <reporter-output>
          </reporter-output>
        </test-method> <!-- googleLogoTest -->
        <test-method is-config="true" signature="tearDown()[pri:0, instance:TestngPractice.TestNGLaunching@4c60d6e9]" started-at="2021-11-11T23:30:06Z" name="tearDown" finished-at="2021-11-11T23:30:08Z" duration-ms="1470" status="PASS">
          <reporter-output>
          </reporter-output>
        </test-method> <!-- tearDown -->
        <test-method is-config="true" signature="setup()[pri:0, instance:TestngPractice.TestNGLaunching@4c60d6e9]" started-at="2021-11-11T23:30:08Z" name="setup" finished-at="2021-11-11T23:30:20Z" duration-ms="12541" status="PASS">
          <reporter-output>
          </reporter-output>
        </test-method> <!-- setup -->
        <test-method signature="googleTittleTest()[pri:0, instance:TestngPractice.TestNGLaunching@4c60d6e9]" started-at="2021-11-11T23:30:20Z" name="googleTittleTest" finished-at="2021-11-11T23:30:20Z" duration-ms="100" status="PASS">
          <reporter-output>
          </reporter-output>
        </test-method> <!-- googleTittleTest -->
        <test-method is-config="true" signature="tearDown()[pri:0, instance:TestngPractice.TestNGLaunching@4c60d6e9]" started-at="2021-11-11T23:30:20Z" name="tearDown" finished-at="2021-11-11T23:30:21Z" duration-ms="343" status="PASS">
          <reporter-output>
          </reporter-output>
        </test-method> <!-- tearDown -->
        <test-method is-config="true" signature="setup()[pri:0, instance:TestngPractice.TestNGLaunching@4c60d6e9]" started-at="2021-11-11T23:30:22Z" name="setup" finished-at="2021-11-11T23:30:38Z" duration-ms="16444" status="PASS">
          <reporter-output>
          </reporter-output>
        </test-method> <!-- setup -->
        <test-method signature="googleLogoTest()[pri:0, instance:TestngPractice.TestNGLaunching@4c60d6e9]" started-at="2021-11-11T23:30:38Z" name="googleLogoTest" finished-at="2021-11-11T23:30:38Z" duration-ms="421" status="PASS">
          <reporter-output>
          </reporter-output>
        </test-method> <!-- googleLogoTest -->
        <test-method is-config="true" signature="tearDown()[pri:0, instance:TestngPractice.TestNGLaunching@4c60d6e9]" started-at="2021-11-11T23:30:38Z" name="tearDown" finished-at="2021-11-11T23:30:39Z" duration-ms="570" status="PASS">
          <reporter-output>
          </reporter-output>
        </test-method> <!-- tearDown -->
        <test-method is-config="true" signature="setup()[pri:0, instance:TestngPractice.TestNGLaunching@4c60d6e9]" started-at="2021-11-11T23:30:39Z" name="setup" finished-at="2021-11-11T23:30:50Z" duration-ms="10988" status="PASS">
          <reporter-output>
          </reporter-output>
        </test-method> <!-- setup -->
        <test-method signature="googleTittleTest()[pri:0, instance:TestngPractice.TestNGLaunching@4c60d6e9]" started-at="2021-11-11T23:30:50Z" name="googleTittleTest" finished-at="2021-11-11T23:30:50Z" duration-ms="12" status="PASS">
          <reporter-output>
          </reporter-output>
        </test-method> <!-- googleTittleTest -->
        <test-method is-config="true" signature="tearDown()[pri:0, instance:TestngPractice.TestNGLaunching@4c60d6e9]" started-at="2021-11-11T23:30:50Z" name="tearDown" finished-at="2021-11-11T23:30:51Z" duration-ms="503" status="PASS">
          <reporter-output>
          </reporter-output>
        </test-method> <!-- tearDown -->
        <test-method is-config="true" signature="setup()[pri:0, instance:TestngPractice.TestNGLaunching@4c60d6e9]" started-at="2021-11-11T23:30:51Z" name="setup" finished-at="2021-11-11T23:31:03Z" duration-ms="12215" status="PASS">
          <reporter-output>
          </reporter-output>
        </test-method> <!-- setup -->
        <test-method signature="googleLogoTest()[pri:0, instance:TestngPractice.TestNGLaunching@4c60d6e9]" started-at="2021-11-11T23:31:03Z" name="googleLogoTest" finished-at="2021-11-11T23:31:03Z" duration-ms="102" status="PASS">
          <reporter-output>
          </reporter-output>
        </test-method> <!-- googleLogoTest -->
        <test-method is-config="true" signature="tearDown()[pri:0, instance:TestngPractice.TestNGLaunching@4c60d6e9]" started-at="2021-11-11T23:31:03Z" name="tearDown" finished-at="2021-11-11T23:31:03Z" duration-ms="421" status="PASS">
          <reporter-output>
          </reporter-output>
        </test-method> <!-- tearDown -->
        <test-method is-config="true" signature="setup()[pri:0, instance:TestngPractice.TestNGLaunching@4c60d6e9]" started-at="2021-11-11T23:31:03Z" name="setup" finished-at="2021-11-11T23:31:14Z" duration-ms="10845" status="PASS">
          <reporter-output>
          </reporter-output>
        </test-method> <!-- setup -->
        <test-method signature="googleTittleTest()[pri:0, instance:TestngPractice.TestNGLaunching@4c60d6e9]" started-at="2021-11-11T23:31:14Z" name="googleTittleTest" finished-at="2021-11-11T23:31:14Z" duration-ms="23" status="PASS">
          <reporter-output>
          </reporter-output>
        </test-method> <!-- googleTittleTest -->
        <test-method is-config="true" signature="tearDown()[pri:0, instance:TestngPractice.TestNGLaunching@4c60d6e9]" started-at="2021-11-11T23:31:14Z" name="tearDown" finished-at="2021-11-11T23:31:15Z" duration-ms="376" status="PASS">
          <reporter-output>
          </reporter-output>
        </test-method> <!-- tearDown -->
        <test-method is-config="true" signature="setup()[pri:0, instance:TestngPractice.TestNGLaunching@4c60d6e9]" started-at="2021-11-11T23:31:15Z" name="setup" finished-at="2021-11-11T23:31:27Z" duration-ms="12493" status="PASS">
          <reporter-output>
          </reporter-output>
        </test-method> <!-- setup -->
        <test-method signature="googleLogoTest()[pri:0, instance:TestngPractice.TestNGLaunching@4c60d6e9]" started-at="2021-11-11T23:31:27Z" name="googleLogoTest" finished-at="2021-11-11T23:31:27Z" duration-ms="103" status="PASS">
          <reporter-output>
          </reporter-output>
        </test-method> <!-- googleLogoTest -->
        <test-method is-config="true" signature="tearDown()[pri:0, instance:TestngPractice.TestNGLaunching@4c60d6e9]" started-at="2021-11-11T23:31:27Z" name="tearDown" finished-at="2021-11-11T23:31:28Z" duration-ms="923" status="PASS">
          <reporter-output>
          </reporter-output>
        </test-method> <!-- tearDown -->
        <test-method is-config="true" signature="setup()[pri:0, instance:TestngPractice.TestNGLaunching@4c60d6e9]" started-at="2021-11-11T23:31:28Z" name="setup" finished-at="2021-11-11T23:31:39Z" duration-ms="10589" status="PASS">
          <reporter-output>
          </reporter-output>
        </test-method> <!-- setup -->
        <test-method signature="googleTittleTest()[pri:0, instance:TestngPractice.TestNGLaunching@4c60d6e9]" started-at="2021-11-11T23:31:39Z" name="googleTittleTest" finished-at="2021-11-11T23:31:39Z" duration-ms="30" status="PASS">
          <reporter-output>
          </reporter-output>
        </test-method> <!-- googleTittleTest -->
        <test-method is-config="true" signature="tearDown()[pri:0, instance:TestngPractice.TestNGLaunching@4c60d6e9]" started-at="2021-11-11T23:31:39Z" name="tearDown" finished-at="2021-11-11T23:31:39Z" duration-ms="540" status="PASS">
          <reporter-output>
          </reporter-output>
        </test-method> <!-- tearDown -->
      </class> <!-- TestngPractice.TestNGLaunching -->
    </test> <!-- Test -->
  </suite> <!-- Suite -->
</testng-results>
