<?xml version="1.0" encoding="UTF-8"?>
<!-- Generated by org.testng.reporters.JUnitXMLReporter -->
<testsuite hostname="DESKTOP-GFC7GNG" failures="0" tests="3" name="Default test" time="73.071" errors="0" timestamp="14 Jun 2021 07:54:15 GMT">
  <testcase classname="TestngPractice.DataProviderDemo" name="testData" time="4.78"/>
  <testcase classname="TestngPractice.DataProviderDemo" name="testData" time="3.705"/>
  <testcase classname="TestngPractice.DataProviderDemo" name="testData" time="3.873"/>
</testsuite> <!-- Default test -->
